<?xml version="1.0" encoding="UTF-8"?>
<!-- Generated by org.testng.reporters.JUnitReportReporter -->
<testsuite hostname="DESKTOP-3ARF4MQ" failures="0" tests="1" name="TestCases.SignupTestCases" time="14.756" errors="0" timestamp="2023-07-28T15:39:46 IST" skipped="0">
  <testcase classname="TestCases.SignupTestCases" name="verifySignUP" time="14.756"/>
</testsuite> <!-- TestCases.SignupTestCases -->
